<?xml version="1.0" encoding="UTF-8"?>
<!-- Generated by org.testng.reporters.JUnitReportReporter -->
<testsuite skipped="9" hostname="VTEKLFKAYMAZ" name="TestCases.TC01LineActivation" tests="15" failures="0" timestamp="26 Kas 2020 21:11:02 GMT" time="225.310" errors="1">
  <testcase name="Activation" time="0.000" classname="TestCases.TC01LineActivation">
    <skipped/>
  </testcase> <!-- Activation -->
  <testcase name="RTA3" time="3.043" classname="TestCases.TC01LineActivation"/>
  <testcase name="VekilVasi" time="0.000" classname="TestCases.TC01LineActivation">
    <skipped/>
  </testcase> <!-- VekilVasi -->
  <testcase name="Sim" time="45.030" classname="TestCases.TC01LineActivation">
    <error type="org.openqa.selenium.NoSuchElementException" message="Unable to find element with css selector == *[name=&#039;selgsmno&#039;]
For documentation on this error, please visit: https://www.seleniumhq.org/exceptions/no_such_element.html
Build info: version: &#039;3.141.59&#039;, revision: &#039;e82be7d358&#039;, time: &#039;2018-11-14T08:17:03&#039;
System info: host: &#039;VTEKLFKAYMAZ&#039;, ip: &#039;10.169.0.218&#039;, os.name: &#039;Windows 10&#039;, os.arch: &#039;amd64&#039;, os.version: &#039;10.0&#039;, java.version: &#039;1.8.0_181&#039;
Driver info: org.openqa.selenium.ie.InternetExplorerDriver
Capabilities {acceptInsecureCerts: false, browserName: internet explorer, browserVersion: 11, javascriptEnabled: true, pageLoadStrategy: normal, platform: WINDOWS, platformName: WINDOWS, proxy: Proxy(), se:ieOptions: {browserAttachTimeout: 0, elementScrollBehavior: 0, enablePersistentHover: false, ie.browserCommandLineSwitches: , ie.edgechromium: false, ie.edgepath: , ie.ensureCleanSession: false, ie.fileUploadDialogTimeout: 3000, ie.forceCreateProcessApi: false, ignoreProtectedModeSettings: true, ignoreZoomSetting: true, initialBrowserUrl: http://localhost:45572/, nativeEvents: true, requireWindowFocus: true}, setWindowRect: true, strictFileInteractability: false, timeouts: {implicit: 0, pageLoad: 300000, script: 30000}, unhandledPromptBehavior: dismiss and notify}
Session ID: 3ee0541c-14fb-444e-9a59-61fa45505a43
*** Element info: {Using=name, value=selgsmno}">
      <![CDATA[org.openqa.selenium.NoSuchElementException: Unable to find element with css selector == *[name='selgsmno']
For documentation on this error, please visit: https://www.seleniumhq.org/exceptions/no_such_element.html
Build info: version: '3.141.59', revision: 'e82be7d358', time: '2018-11-14T08:17:03'
System info: host: 'VTEKLFKAYMAZ', ip: '10.169.0.218', os.name: 'Windows 10', os.arch: 'amd64', os.version: '10.0', java.version: '1.8.0_181'
Driver info: org.openqa.selenium.ie.InternetExplorerDriver
Capabilities {acceptInsecureCerts: false, browserName: internet explorer, browserVersion: 11, javascriptEnabled: true, pageLoadStrategy: normal, platform: WINDOWS, platformName: WINDOWS, proxy: Proxy(), se:ieOptions: {browserAttachTimeout: 0, elementScrollBehavior: 0, enablePersistentHover: false, ie.browserCommandLineSwitches: , ie.edgechromium: false, ie.edgepath: , ie.ensureCleanSession: false, ie.fileUploadDialogTimeout: 3000, ie.forceCreateProcessApi: false, ignoreProtectedModeSettings: true, ignoreZoomSetting: true, initialBrowserUrl: http://localhost:45572/, nativeEvents: true, requireWindowFocus: true}, setWindowRect: true, strictFileInteractability: false, timeouts: {implicit: 0, pageLoad: 300000, script: 30000}, unhandledPromptBehavior: dismiss and notify}
Session ID: 3ee0541c-14fb-444e-9a59-61fa45505a43
*** Element info: {Using=name, value=selgsmno}
at sun.reflect.NativeConstructorAccessorImpl.newInstance0(Native Method)
at sun.reflect.NativeConstructorAccessorImpl.newInstance(Unknown Source)
at sun.reflect.DelegatingConstructorAccessorImpl.newInstance(Unknown Source)
at java.lang.reflect.Constructor.newInstance(Unknown Source)
at org.openqa.selenium.remote.http.W3CHttpResponseCodec.createException(W3CHttpResponseCodec.java:187)
at org.openqa.selenium.remote.http.W3CHttpResponseCodec.decode(W3CHttpResponseCodec.java:122)
at org.openqa.selenium.remote.http.W3CHttpResponseCodec.decode(W3CHttpResponseCodec.java:49)
at org.openqa.selenium.remote.HttpCommandExecutor.execute(HttpCommandExecutor.java:158)
at org.openqa.selenium.remote.service.DriverCommandExecutor.execute(DriverCommandExecutor.java:83)
at org.openqa.selenium.remote.RemoteWebDriver.execute(RemoteWebDriver.java:552)
at org.openqa.selenium.remote.RemoteWebDriver.findElement(RemoteWebDriver.java:323)
at org.openqa.selenium.remote.RemoteWebDriver.findElementByName(RemoteWebDriver.java:404)
at org.openqa.selenium.By$ByName.findElement(By.java:284)
at org.openqa.selenium.remote.RemoteWebDriver.findElement(RemoteWebDriver.java:315)
at org.openqa.selenium.support.pagefactory.DefaultElementLocator.findElement(DefaultElementLocator.java:69)
at org.openqa.selenium.support.pagefactory.internal.LocatingElementHandler.invoke(LocatingElementHandler.java:38)
at com.sun.proxy.$Proxy8.sendKeys(Unknown Source)
at Regression.SimCardSetting.SimCardSecimi(SimCardSetting.java:42)
at TestCases.TC01LineActivation.Sim(TC01LineActivation.java:65)
at sun.reflect.NativeMethodAccessorImpl.invoke0(Native Method)
at sun.reflect.NativeMethodAccessorImpl.invoke(Unknown Source)
at sun.reflect.DelegatingMethodAccessorImpl.invoke(Unknown Source)
at java.lang.reflect.Method.invoke(Unknown Source)
at org.testng.internal.MethodInvocationHelper.invokeMethod(MethodInvocationHelper.java:124)
at org.testng.internal.Invoker.invokeMethod(Invoker.java:583)
at org.testng.internal.Invoker.invokeTestMethod(Invoker.java:719)
at org.testng.internal.Invoker.invokeTestMethods(Invoker.java:989)
at org.testng.internal.TestMethodWorker.invokeTestMethods(TestMethodWorker.java:125)
at org.testng.internal.TestMethodWorker.run(TestMethodWorker.java:109)
at org.testng.TestRunner.privateRun(TestRunner.java:648)
at org.testng.TestRunner.run(TestRunner.java:505)
at org.testng.SuiteRunner.runTest(SuiteRunner.java:455)
at org.testng.SuiteRunner.runSequentially(SuiteRunner.java:450)
at org.testng.SuiteRunner.privateRun(SuiteRunner.java:415)
at org.testng.SuiteRunner.run(SuiteRunner.java:364)
at org.testng.SuiteRunnerWorker.runSuite(SuiteRunnerWorker.java:52)
at org.testng.SuiteRunnerWorker.run(SuiteRunnerWorker.java:84)
at org.testng.TestNG.runSuitesSequentially(TestNG.java:1208)
at org.testng.TestNG.runSuitesLocally(TestNG.java:1137)
at org.testng.TestNG.runSuites(TestNG.java:1049)
at org.testng.TestNG.run(TestNG.java:1017)
at org.testng.remote.AbstractRemoteTestNG.run(AbstractRemoteTestNG.java:115)
at org.testng.remote.RemoteTestNG.initAndRun(RemoteTestNG.java:251)
at org.testng.remote.RemoteTestNG.main(RemoteTestNG.java:77)
]]>
    </error>
  </testcase> <!-- Sim -->
  <testcase name="Tariff" time="0.000" classname="TestCases.TC01LineActivation">
    <skipped/>
  </testcase> <!-- Tariff -->
  <testcase name="MenuSelection" time="2.619" classname="TestCases.TC01LineActivation"/>
  <testcase name="RTA2" time="5.047" classname="TestCases.TC01LineActivation"/>
  <testcase name="FeatureProperty" time="0.000" classname="TestCases.TC01LineActivation">
    <skipped/>
  </testcase> <!-- FeatureProperty -->
  <testcase name="Payment" time="0.000" classname="TestCases.TC01LineActivation">
    <skipped/>
  </testcase> <!-- Payment -->
  <testcase name="Services" time="0.000" classname="TestCases.TC01LineActivation">
    <skipped/>
  </testcase> <!-- Services -->
  <testcase name="RTA" time="153.100" classname="TestCases.TC01LineActivation"/>
  <testcase name="LoginStep" time="16.470" classname="TestCases.TC01LineActivation"/>
  <testcase name="CampaignEntry" time="0.000" classname="TestCases.TC01LineActivation">
    <skipped/>
  </testcase> <!-- CampaignEntry -->
  <testcase name="UserInfo" time="0.000" classname="TestCases.TC01LineActivation">
    <skipped/>
  </testcase> <!-- UserInfo -->
  <testcase name="BillingPeriod" time="0.001" classname="TestCases.TC01LineActivation">
    <skipped/>
  </testcase> <!-- BillingPeriod -->
</testsuite> <!-- TestCases.TC01LineActivation -->
